[Aug 16, 2020, 8:37:05.2 PM:INFO:database_migration.cc(77)] DB: Migrated to version 1
[Aug 16, 2020, 8:37:05.2 PM:INFO:database_migration.cc(77)] DB: Migrated to version 2
[Aug 16, 2020, 8:37:05.2 PM:INFO:database_migration.cc(77)] DB: Migrated to version 3
[Aug 16, 2020, 8:37:05.2 PM:INFO:database_migration.cc(77)] DB: Migrated to version 4
[Aug 16, 2020, 8:37:05.2 PM:INFO:database_migration.cc(77)] DB: Migrated to version 5
[Aug 16, 2020, 8:37:05.2 PM:INFO:database_migration.cc(77)] DB: Migrated to version 6
[Aug 16, 2020, 8:37:05.2 PM:INFO:database_migration.cc(77)] DB: Migrated to version 7
[Aug 16, 2020, 8:37:05.2 PM:INFO:database_migration.cc(77)] DB: Migrated to version 8
[Aug 16, 2020, 8:37:05.2 PM:INFO:database_migration.cc(77)] DB: Migrated to version 9
[Aug 16, 2020, 8:37:05.2 PM:INFO:database_migration.cc(77)] DB: Migrated to version 10
[Aug 16, 2020, 8:37:05.2 PM:INFO:database_migration.cc(77)] DB: Migrated to version 11
[Aug 16, 2020, 8:37:05.2 PM:INFO:database_migration.cc(77)] DB: Migrated to version 12
[Aug 16, 2020, 8:37:05.2 PM:INFO:database_migration.cc(77)] DB: Migrated to version 13
[Aug 16, 2020, 8:37:05.2 PM:INFO:database_migration.cc(77)] DB: Migrated to version 14
[Aug 16, 2020, 8:37:05.2 PM:INFO:database_migration.cc(77)] DB: Migrated to version 15
[Aug 16, 2020, 8:37:05.2 PM:INFO:database_migration.cc(77)] DB: Migrated to version 16
[Aug 16, 2020, 8:37:05.2 PM:INFO:database_migration.cc(77)] DB: Migrated to version 17
[Aug 16, 2020, 8:37:05.2 PM:INFO:database_migration.cc(77)] DB: Migrated to version 18
[Aug 16, 2020, 8:37:05.2 PM:INFO:database_migration.cc(77)] DB: Migrated to version 19
[Aug 16, 2020, 8:37:05.2 PM:INFO:database_migration.cc(77)] DB: Migrated to version 20
[Aug 16, 2020, 8:37:05.2 PM:INFO:database_migration.cc(77)] DB: Migrated to version 21
[Aug 16, 2020, 8:37:05.2 PM:INFO:database_migration.cc(77)] DB: Migrated to version 22
[Aug 16, 2020, 8:37:05.2 PM:INFO:database_migration.cc(77)] DB: Migrated to version 23
[Aug 16, 2020, 8:37:05.2 PM:INFO:database_migration.cc(77)] DB: Migrated to version 24
[Aug 16, 2020, 8:37:05.2 PM:INFO:database_migration.cc(77)] DB: Migrated to version 25
[Aug 16, 2020, 8:37:05.2 PM:INFO:database_migration.cc(77)] DB: Migrated to version 26
[Aug 16, 2020, 8:37:05.4 PM:INFO:state_migration_v1.cc(39)] No publisher state
[Aug 16, 2020, 8:37:05.4 PM:INFO:state_migration.cc(72)] State: Migrated to version 1
[Aug 16, 2020, 8:37:05.4 PM:INFO:state_migration_v2.cc(40)] No ledger state
[Aug 16, 2020, 8:37:05.4 PM:INFO:state_migration.cc(72)] State: Migrated to version 2
[Aug 16, 2020, 8:37:05.4 PM:INFO:contribution.cc(264)] Timer will start in 2592000
[Aug 16, 2020, 8:37:05.4 PM:INFO:contribution.cc(264)] Timer will start in 12
[Aug 16, 2020, 8:37:05.4 PM:INFO:promotion.cc(95)] Migrating corrupted promotions
[Aug 16, 2020, 8:37:05.4 PM:INFO:recovery.cc(14)] Running empty balance check...
[Aug 16, 2020, 8:37:05.4 PM:INFO:database_contribution_info_publishers.cc(321)] Contribution ids is empty
[Aug 16, 2020, 8:37:05.4 PM:INFO:promotion.cc(558)] Promotion is empty
[Aug 16, 2020, 8:37:05.4 PM:INFO:database_contribution_info_publishers.cc(321)] Contribution ids is empty
[Aug 16, 2020, 8:37:05.4 PM:INFO:recovery_empty_balance.cc(116)] Creds batch list is emtpy
